The target system is: Windows -  - 
The host system is: Linux - 5.16.8-arch1-1 - x86_64
Compiling the C compiler identification source file "CMakeCCompilerId.c" succeeded.
Compiler: /usr/bin/x86_64-w64-mingw32-gcc-posix 
Build flags: ;-ffunction-sections;-fdata-sections;-m64
Id flags:  

The output was:
0


Compilation of the C compiler identification source "CMakeCCompilerId.c" produced "a.exe"

The C compiler identification is GNU, found in "/target/x86_64-pc-windows-gnu/release/build/raylib-sys-45223963e2ea3f85/out/build/CMakeFiles/3.17.2/CompilerIdC/a.exe"

Compiling the CXX compiler identification source file "CMakeCXXCompilerId.cpp" succeeded.
Compiler: /usr/bin/x86_64-w64-mingw32-g++-posix 
Build flags: ;-ffunction-sections;-fdata-sections;-m64
Id flags:  

The output was:
0


Compilation of the CXX compiler identification source "CMakeCXXCompilerId.cpp" produced "a.exe"

The CXX compiler identification is GNU, found in "/target/x86_64-pc-windows-gnu/release/build/raylib-sys-45223963e2ea3f85/out/build/CMakeFiles/3.17.2/CompilerIdCXX/a.exe"

Determining if the C compiler works passed with the following output:
Change Dir: /target/x86_64-pc-windows-gnu/release/build/raylib-sys-45223963e2ea3f85/out/build/CMakeFiles/CMakeTmp

Run Build Command(s):/usr/bin/make cmTC_929ba/fast && /usr/bin/make  -f CMakeFiles/cmTC_929ba.dir/build.make CMakeFiles/cmTC_929ba.dir/build
make[1]: Entering directory '/target/x86_64-pc-windows-gnu/release/build/raylib-sys-45223963e2ea3f85/out/build/CMakeFiles/CMakeTmp'
Building C object CMakeFiles/cmTC_929ba.dir/testCCompiler.c.obj
/usr/bin/x86_64-w64-mingw32-gcc-posix   -ffunction-sections -fdata-sections -m64    -o CMakeFiles/cmTC_929ba.dir/testCCompiler.c.obj   -c /target/x86_64-pc-windows-gnu/release/build/raylib-sys-45223963e2ea3f85/out/build/CMakeFiles/CMakeTmp/testCCompiler.c
Linking C executable cmTC_929ba.exe
/usr/local/bin/cmake -E cmake_link_script CMakeFiles/cmTC_929ba.dir/link.txt --verbose=1
/usr/local/bin/cmake -E rm -f CMakeFiles/cmTC_929ba.dir/objects.a
/usr/bin/x86_64-w64-mingw32-ar cr CMakeFiles/cmTC_929ba.dir/objects.a @CMakeFiles/cmTC_929ba.dir/objects1.rsp
/usr/bin/x86_64-w64-mingw32-gcc-posix  -ffunction-sections -fdata-sections -m64     -Wl,--whole-archive CMakeFiles/cmTC_929ba.dir/objects.a -Wl,--no-whole-archive  -o cmTC_929ba.exe -Wl,--out-implib,libcmTC_929ba.dll.a -Wl,--major-image-version,0,--minor-image-version,0 @CMakeFiles/cmTC_929ba.dir/linklibs.rsp
make[1]: Leaving directory '/target/x86_64-pc-windows-gnu/release/build/raylib-sys-45223963e2ea3f85/out/build/CMakeFiles/CMakeTmp'



Detecting C compiler ABI info compiled with the following output:
Change Dir: /target/x86_64-pc-windows-gnu/release/build/raylib-sys-45223963e2ea3f85/out/build/CMakeFiles/CMakeTmp

Run Build Command(s):/usr/bin/make cmTC_ddcf6/fast && /usr/bin/make  -f CMakeFiles/cmTC_ddcf6.dir/build.make CMakeFiles/cmTC_ddcf6.dir/build
make[1]: Entering directory '/target/x86_64-pc-windows-gnu/release/build/raylib-sys-45223963e2ea3f85/out/build/CMakeFiles/CMakeTmp'
Building C object CMakeFiles/cmTC_ddcf6.dir/CMakeCCompilerABI.c.obj
/usr/bin/x86_64-w64-mingw32-gcc-posix   -ffunction-sections -fdata-sections -m64    -v -o CMakeFiles/cmTC_ddcf6.dir/CMakeCCompilerABI.c.obj   -c /usr/local/share/cmake-3.17/Modules/CMakeCCompilerABI.c
Using built-in specs.
COLLECT_GCC=/usr/bin/x86_64-w64-mingw32-gcc-posix
Target: x86_64-w64-mingw32
Configured with: ../../src/configure --build=x86_64-linux-gnu --prefix=/usr --includedir='/usr/include' --mandir='/usr/share/man' --infodir='/usr/share/info' --sysconfdir=/etc --localstatedir=/var --disable-silent-rules --libdir='/usr/lib/x86_64-linux-gnu' --libexecdir='/usr/lib/x86_64-linux-gnu' --disable-maintainer-mode --disable-dependency-tracking --prefix=/usr --enable-shared --enable-static --disable-multilib --with-system-zlib --libexecdir=/usr/lib --without-included-gettext --libdir=/usr/lib --enable-libstdcxx-time=yes --with-tune=generic --with-headers=/usr/x86_64-w64-mingw32/include --enable-version-specific-runtime-libs --enable-fully-dynamic-string --enable-libgomp --enable-languages=c,c++,fortran,objc,obj-c++,ada --enable-lto --with-plugin-ld --enable-threads=posix --program-suffix=-posix --program-prefix=x86_64-w64-mingw32- --target=x86_64-w64-mingw32 --with-as=/usr/bin/x86_64-w64-mingw32-as --with-ld=/usr/bin/x86_64-w64-mingw32-ld --enable-libatomic --enable-libstdcxx-filesystem-ts=yes
Thread model: posix
gcc version 7.3-posix 20180312 (GCC) 
COLLECT_GCC_OPTIONS='-ffunction-sections' '-fdata-sections' '-m64' '-v' '-o' 'CMakeFiles/cmTC_ddcf6.dir/CMakeCCompilerABI.c.obj' '-c' '-mtune=generic' '-march=x86-64'
 /usr/lib/gcc/x86_64-w64-mingw32/7.3-posix/cc1 -quiet -v -D_REENTRANT /usr/local/share/cmake-3.17/Modules/CMakeCCompilerABI.c -quiet -dumpbase CMakeCCompilerABI.c -m64 -mtune=generic -march=x86-64 -auxbase-strip CMakeFiles/cmTC_ddcf6.dir/CMakeCCompilerABI.c.obj -version -ffunction-sections -fdata-sections -o /tmp/ccf2QwIy.s
GNU C11 (GCC) version 7.3-posix 20180312 (x86_64-w64-mingw32)
	compiled by GNU C version 7.3.0, GMP version 6.1.2, MPFR version 4.0.1, MPC version 1.1.0, isl version isl-0.19-GMP

GGC heuristics: --param ggc-min-expand=100 --param ggc-min-heapsize=131072
ignoring nonexistent directory "/usr/lib/gcc/x86_64-w64-mingw32/7.3-posix/../../../../x86_64-w64-mingw32/sys-include"
#include "..." search starts here:
#include <...> search starts here:
 /usr/lib/gcc/x86_64-w64-mingw32/7.3-posix/include
 /usr/lib/gcc/x86_64-w64-mingw32/7.3-posix/include-fixed
 /usr/lib/gcc/x86_64-w64-mingw32/7.3-posix/../../../../x86_64-w64-mingw32/include
End of search list.
GNU C11 (GCC) version 7.3-posix 20180312 (x86_64-w64-mingw32)
	compiled by GNU C version 7.3.0, GMP version 6.1.2, MPFR version 4.0.1, MPC version 1.1.0, isl version isl-0.19-GMP

GGC heuristics: --param ggc-min-expand=100 --param ggc-min-heapsize=131072
Compiler executable checksum: d9ba25cff9dab8c441c150e352d589dd
COLLECT_GCC_OPTIONS='-ffunction-sections' '-fdata-sections' '-m64' '-v' '-o' 'CMakeFiles/cmTC_ddcf6.dir/CMakeCCompilerABI.c.obj' '-c' '-mtune=generic' '-march=x86-64'
 /usr/bin/x86_64-w64-mingw32-as -v --64 -o CMakeFiles/cmTC_ddcf6.dir/CMakeCCompilerABI.c.obj /tmp/ccf2QwIy.s
GNU assembler version 2.30 (x86_64-w64-mingw32) using BFD version (GNU Binutils) 2.30
COMPILER_PATH=/usr/lib/gcc/x86_64-w64-mingw32/7.3-posix/:/usr/lib/gcc/x86_64-w64-mingw32/7.3-posix/:/usr/lib/gcc/x86_64-w64-mingw32/:/usr/lib/gcc/x86_64-w64-mingw32/7.3-posix/:/usr/lib/gcc/x86_64-w64-mingw32/:/usr/lib/gcc/x86_64-w64-mingw32/7.3-posix/../../../../x86_64-w64-mingw32/bin/
LIBRARY_PATH=/usr/lib/gcc/x86_64-w64-mingw32/7.3-posix/:/usr/lib/gcc/x86_64-w64-mingw32/7.3-posix/../../../../x86_64-w64-mingw32/lib/
COLLECT_GCC_OPTIONS='-ffunction-sections' '-fdata-sections' '-m64' '-v' '-o' 'CMakeFiles/cmTC_ddcf6.dir/CMakeCCompilerABI.c.obj' '-c' '-mtune=generic' '-march=x86-64'
Linking C executable cmTC_ddcf6.exe
/usr/local/bin/cmake -E cmake_link_script CMakeFiles/cmTC_ddcf6.dir/link.txt --verbose=1
/usr/local/bin/cmake -E rm -f CMakeFiles/cmTC_ddcf6.dir/objects.a
/usr/bin/x86_64-w64-mingw32-ar cr CMakeFiles/cmTC_ddcf6.dir/objects.a @CMakeFiles/cmTC_ddcf6.dir/objects1.rsp
/usr/bin/x86_64-w64-mingw32-gcc-posix  -ffunction-sections -fdata-sections -m64    -v -Wl,--whole-archive CMakeFiles/cmTC_ddcf6.dir/objects.a -Wl,--no-whole-archive  -o cmTC_ddcf6.exe -Wl,--out-implib,libcmTC_ddcf6.dll.a -Wl,--major-image-version,0,--minor-image-version,0 
Using built-in specs.
COLLECT_GCC=/usr/bin/x86_64-w64-mingw32-gcc-posix
COLLECT_LTO_WRAPPER=/usr/lib/gcc/x86_64-w64-mingw32/7.3-posix/lto-wrapper
Target: x86_64-w64-mingw32
Configured with: ../../src/configure --build=x86_64-linux-gnu --prefix=/usr --includedir='/usr/include' --mandir='/usr/share/man' --infodir='/usr/share/info' --sysconfdir=/etc --localstatedir=/var --disable-silent-rules --libdir='/usr/lib/x86_64-linux-gnu' --libexecdir='/usr/lib/x86_64-linux-gnu' --disable-maintainer-mode --disable-dependency-tracking --prefix=/usr --enable-shared --enable-static --disable-multilib --with-system-zlib --libexecdir=/usr/lib --without-included-gettext --libdir=/usr/lib --enable-libstdcxx-time=yes --with-tune=generic --with-headers=/usr/x86_64-w64-mingw32/include --enable-version-specific-runtime-libs --enable-fully-dynamic-string --enable-libgomp --enable-languages=c,c++,fortran,objc,obj-c++,ada --enable-lto --with-plugin-ld --enable-threads=posix --program-suffix=-posix --program-prefix=x86_64-w64-mingw32- --target=x86_64-w64-mingw32 --with-as=/usr/bin/x86_64-w64-mingw32-as --with-ld=/usr/bin/x86_64-w64-mingw32-ld --enable-libatomic --enable-libstdcxx-filesystem-ts=yes
Thread model: posix
gcc version 7.3-posix 20180312 (GCC) 
COMPILER_PATH=/usr/lib/gcc/x86_64-w64-mingw32/7.3-posix/:/usr/lib/gcc/x86_64-w64-mingw32/7.3-posix/:/usr/lib/gcc/x86_64-w64-mingw32/:/usr/lib/gcc/x86_64-w64-mingw32/7.3-posix/:/usr/lib/gcc/x86_64-w64-mingw32/:/usr/lib/gcc/x86_64-w64-mingw32/7.3-posix/../../../../x86_64-w64-mingw32/bin/
LIBRARY_PATH=/usr/lib/gcc/x86_64-w64-mingw32/7.3-posix/:/usr/lib/gcc/x86_64-w64-mingw32/7.3-posix/../../../../x86_64-w64-mingw32/lib/
COLLECT_GCC_OPTIONS='-ffunction-sections' '-fdata-sections' '-m64' '-v' '-o' 'cmTC_ddcf6.exe' '-mtune=generic' '-march=x86-64'
 /usr/lib/gcc/x86_64-w64-mingw32/7.3-posix/collect2 -m i386pep -Bdynamic -o cmTC_ddcf6.exe /usr/lib/gcc/x86_64-w64-mingw32/7.3-posix/../../../../x86_64-w64-mingw32/lib/crt2.o /usr/lib/gcc/x86_64-w64-mingw32/7.3-posix/crtbegin.o -L/usr/lib/gcc/x86_64-w64-mingw32/7.3-posix -L/usr/lib/gcc/x86_64-w64-mingw32/7.3-posix/../../../../x86_64-w64-mingw32/lib --whole-archive CMakeFiles/cmTC_ddcf6.dir/objects.a --no-whole-archive --out-implib libcmTC_ddcf6.dll.a --major-image-version 0 --minor-image-version 0 -lmingw32 -lgcc -lgcc_eh -lmoldname -lmingwex -lmsvcrt -lpthread -ladvapi32 -lshell32 -luser32 -lkernel32 -lmingw32 -lgcc -lgcc_eh -lmoldname -lmingwex -lmsvcrt /usr/lib/gcc/x86_64-w64-mingw32/7.3-posix/crtend.o
COLLECT_GCC_OPTIONS='-ffunction-sections' '-fdata-sections' '-m64' '-v' '-o' 'cmTC_ddcf6.exe' '-mtune=generic' '-march=x86-64'
make[1]: Leaving directory '/target/x86_64-pc-windows-gnu/release/build/raylib-sys-45223963e2ea3f85/out/build/CMakeFiles/CMakeTmp'



Parsed C implicit include dir info from above output: rv=done
  found start of include info
  found start of implicit include info
    add: [/usr/lib/gcc/x86_64-w64-mingw32/7.3-posix/include]
    add: [/usr/lib/gcc/x86_64-w64-mingw32/7.3-posix/include-fixed]
    add: [/usr/lib/gcc/x86_64-w64-mingw32/7.3-posix/../../../../x86_64-w64-mingw32/include]
  end of search list found
  collapse include dir [/usr/lib/gcc/x86_64-w64-mingw32/7.3-posix/include] ==> [/usr/lib/gcc/x86_64-w64-mingw32/7.3-posix/include]
  collapse include dir [/usr/lib/gcc/x86_64-w64-mingw32/7.3-posix/include-fixed] ==> [/usr/lib/gcc/x86_64-w64-mingw32/7.3-posix/include-fixed]
  collapse include dir [/usr/lib/gcc/x86_64-w64-mingw32/7.3-posix/../../../../x86_64-w64-mingw32/include] ==> [/usr/x86_64-w64-mingw32/include]
  implicit include dirs: [/usr/lib/gcc/x86_64-w64-mingw32/7.3-posix/include;/usr/lib/gcc/x86_64-w64-mingw32/7.3-posix/include-fixed;/usr/x86_64-w64-mingw32/include]


Parsed C implicit link information from above output:
  link line regex: [^( *|.*[/\])(x86_64-w64-mingw32-ld|CMAKE_LINK_STARTFILE-NOTFOUND|([^/\]+-)?ld|collect2)[^/\]*( |$)]
  ignore line: [Change Dir: /target/x86_64-pc-windows-gnu/release/build/raylib-sys-45223963e2ea3f85/out/build/CMakeFiles/CMakeTmp]
  ignore line: []
  ignore line: [Run Build Command(s):/usr/bin/make cmTC_ddcf6/fast && /usr/bin/make  -f CMakeFiles/cmTC_ddcf6.dir/build.make CMakeFiles/cmTC_ddcf6.dir/build]
  ignore line: [make[1]: Entering directory '/target/x86_64-pc-windows-gnu/release/build/raylib-sys-45223963e2ea3f85/out/build/CMakeFiles/CMakeTmp']
  ignore line: [Building C object CMakeFiles/cmTC_ddcf6.dir/CMakeCCompilerABI.c.obj]
  ignore line: [/usr/bin/x86_64-w64-mingw32-gcc-posix   -ffunction-sections -fdata-sections -m64    -v -o CMakeFiles/cmTC_ddcf6.dir/CMakeCCompilerABI.c.obj   -c /usr/local/share/cmake-3.17/Modules/CMakeCCompilerABI.c]
  ignore line: [Using built-in specs.]
  ignore line: [COLLECT_GCC=/usr/bin/x86_64-w64-mingw32-gcc-posix]
  ignore line: [Target: x86_64-w64-mingw32]
  ignore line: [Configured with: ../../src/configure --build=x86_64-linux-gnu --prefix=/usr --includedir='/usr/include' --mandir='/usr/share/man' --infodir='/usr/share/info' --sysconfdir=/etc --localstatedir=/var --disable-silent-rules --libdir='/usr/lib/x86_64-linux-gnu' --libexecdir='/usr/lib/x86_64-linux-gnu' --disable-maintainer-mode --disable-dependency-tracking --prefix=/usr --enable-shared --enable-static --disable-multilib --with-system-zlib --libexecdir=/usr/lib --without-included-gettext --libdir=/usr/lib --enable-libstdcxx-time=yes --with-tune=generic --with-headers=/usr/x86_64-w64-mingw32/include --enable-version-specific-runtime-libs --enable-fully-dynamic-string --enable-libgomp --enable-languages=c,c++,fortran,objc,obj-c++,ada --enable-lto --with-plugin-ld --enable-threads=posix --program-suffix=-posix --program-prefix=x86_64-w64-mingw32- --target=x86_64-w64-mingw32 --with-as=/usr/bin/x86_64-w64-mingw32-as --with-ld=/usr/bin/x86_64-w64-mingw32-ld --enable-libatomic --enable-libstdcxx-filesystem-ts=yes]
  ignore line: [Thread model: posix]
  ignore line: [gcc version 7.3-posix 20180312 (GCC) ]
  ignore line: [COLLECT_GCC_OPTIONS='-ffunction-sections' '-fdata-sections' '-m64' '-v' '-o' 'CMakeFiles/cmTC_ddcf6.dir/CMakeCCompilerABI.c.obj' '-c' '-mtune=generic' '-march=x86-64']
  ignore line: [ /usr/lib/gcc/x86_64-w64-mingw32/7.3-posix/cc1 -quiet -v -D_REENTRANT /usr/local/share/cmake-3.17/Modules/CMakeCCompilerABI.c -quiet -dumpbase CMakeCCompilerABI.c -m64 -mtune=generic -march=x86-64 -auxbase-strip CMakeFiles/cmTC_ddcf6.dir/CMakeCCompilerABI.c.obj -version -ffunction-sections -fdata-sections -o /tmp/ccf2QwIy.s]
  ignore line: [GNU C11 (GCC) version 7.3-posix 20180312 (x86_64-w64-mingw32)]
  ignore line: [	compiled by GNU C version 7.3.0  GMP version 6.1.2  MPFR version 4.0.1  MPC version 1.1.0  isl version isl-0.19-GMP]
  ignore line: []
  ignore line: [GGC heuristics: --param ggc-min-expand=100 --param ggc-min-heapsize=131072]
  ignore line: [ignoring nonexistent directory "/usr/lib/gcc/x86_64-w64-mingw32/7.3-posix/../../../../x86_64-w64-mingw32/sys-include"]
  ignore line: [#include "..." search starts here:]
  ignore line: [#include <...> search starts here:]
  ignore line: [ /usr/lib/gcc/x86_64-w64-mingw32/7.3-posix/include]
  ignore line: [ /usr/lib/gcc/x86_64-w64-mingw32/7.3-posix/include-fixed]
  ignore line: [ /usr/lib/gcc/x86_64-w64-mingw32/7.3-posix/../../../../x86_64-w64-mingw32/include]
  ignore line: [End of search list.]
  ignore line: [GNU C11 (GCC) version 7.3-posix 20180312 (x86_64-w64-mingw32)]
  ignore line: [	compiled by GNU C version 7.3.0  GMP version 6.1.2  MPFR version 4.0.1  MPC version 1.1.0  isl version isl-0.19-GMP]
  ignore line: []
  ignore line: [GGC heuristics: --param ggc-min-expand=100 --param ggc-min-heapsize=131072]
  ignore line: [Compiler executable checksum: d9ba25cff9dab8c441c150e352d589dd]
  ignore line: [COLLECT_GCC_OPTIONS='-ffunction-sections' '-fdata-sections' '-m64' '-v' '-o' 'CMakeFiles/cmTC_ddcf6.dir/CMakeCCompilerABI.c.obj' '-c' '-mtune=generic' '-march=x86-64']
  ignore line: [ /usr/bin/x86_64-w64-mingw32-as -v --64 -o CMakeFiles/cmTC_ddcf6.dir/CMakeCCompilerABI.c.obj /tmp/ccf2QwIy.s]
  ignore line: [GNU assembler version 2.30 (x86_64-w64-mingw32) using BFD version (GNU Binutils) 2.30]
  ignore line: [COMPILER_PATH=/usr/lib/gcc/x86_64-w64-mingw32/7.3-posix/:/usr/lib/gcc/x86_64-w64-mingw32/7.3-posix/:/usr/lib/gcc/x86_64-w64-mingw32/:/usr/lib/gcc/x86_64-w64-mingw32/7.3-posix/:/usr/lib/gcc/x86_64-w64-mingw32/:/usr/lib/gcc/x86_64-w64-mingw32/7.3-posix/../../../../x86_64-w64-mingw32/bin/]
  ignore line: [LIBRARY_PATH=/usr/lib/gcc/x86_64-w64-mingw32/7.3-posix/:/usr/lib/gcc/x86_64-w64-mingw32/7.3-posix/../../../../x86_64-w64-mingw32/lib/]
  ignore line: [COLLECT_GCC_OPTIONS='-ffunction-sections' '-fdata-sections' '-m64' '-v' '-o' 'CMakeFiles/cmTC_ddcf6.dir/CMakeCCompilerABI.c.obj' '-c' '-mtune=generic' '-march=x86-64']
  ignore line: [Linking C executable cmTC_ddcf6.exe]
  ignore line: [/usr/local/bin/cmake -E cmake_link_script CMakeFiles/cmTC_ddcf6.dir/link.txt --verbose=1]
  ignore line: [/usr/local/bin/cmake -E rm -f CMakeFiles/cmTC_ddcf6.dir/objects.a]
  ignore line: [/usr/bin/x86_64-w64-mingw32-ar cr CMakeFiles/cmTC_ddcf6.dir/objects.a @CMakeFiles/cmTC_ddcf6.dir/objects1.rsp]
  ignore line: [/usr/bin/x86_64-w64-mingw32-gcc-posix  -ffunction-sections -fdata-sections -m64    -v -Wl --whole-archive CMakeFiles/cmTC_ddcf6.dir/objects.a -Wl --no-whole-archive  -o cmTC_ddcf6.exe -Wl --out-implib libcmTC_ddcf6.dll.a -Wl --major-image-version 0 --minor-image-version 0 ]
  ignore line: [Using built-in specs.]
  ignore line: [COLLECT_GCC=/usr/bin/x86_64-w64-mingw32-gcc-posix]
  ignore line: [COLLECT_LTO_WRAPPER=/usr/lib/gcc/x86_64-w64-mingw32/7.3-posix/lto-wrapper]
  ignore line: [Target: x86_64-w64-mingw32]
  ignore line: [Configured with: ../../src/configure --build=x86_64-linux-gnu --prefix=/usr --includedir='/usr/include' --mandir='/usr/share/man' --infodir='/usr/share/info' --sysconfdir=/etc --localstatedir=/var --disable-silent-rules --libdir='/usr/lib/x86_64-linux-gnu' --libexecdir='/usr/lib/x86_64-linux-gnu' --disable-maintainer-mode --disable-dependency-tracking --prefix=/usr --enable-shared --enable-static --disable-multilib --with-system-zlib --libexecdir=/usr/lib --without-included-gettext --libdir=/usr/lib --enable-libstdcxx-time=yes --with-tune=generic --with-headers=/usr/x86_64-w64-mingw32/include --enable-version-specific-runtime-libs --enable-fully-dynamic-string --enable-libgomp --enable-languages=c,c++,fortran,objc,obj-c++,ada --enable-lto --with-plugin-ld --enable-threads=posix --program-suffix=-posix --program-prefix=x86_64-w64-mingw32- --target=x86_64-w64-mingw32 --with-as=/usr/bin/x86_64-w64-mingw32-as --with-ld=/usr/bin/x86_64-w64-mingw32-ld --enable-libatomic --enable-libstdcxx-filesystem-ts=yes]
  ignore line: [Thread model: posix]
  ignore line: [gcc version 7.3-posix 20180312 (GCC) ]
  ignore line: [COMPILER_PATH=/usr/lib/gcc/x86_64-w64-mingw32/7.3-posix/:/usr/lib/gcc/x86_64-w64-mingw32/7.3-posix/:/usr/lib/gcc/x86_64-w64-mingw32/:/usr/lib/gcc/x86_64-w64-mingw32/7.3-posix/:/usr/lib/gcc/x86_64-w64-mingw32/:/usr/lib/gcc/x86_64-w64-mingw32/7.3-posix/../../../../x86_64-w64-mingw32/bin/]
  ignore line: [LIBRARY_PATH=/usr/lib/gcc/x86_64-w64-mingw32/7.3-posix/:/usr/lib/gcc/x86_64-w64-mingw32/7.3-posix/../../../../x86_64-w64-mingw32/lib/]
  ignore line: [COLLECT_GCC_OPTIONS='-ffunction-sections' '-fdata-sections' '-m64' '-v' '-o' 'cmTC_ddcf6.exe' '-mtune=generic' '-march=x86-64']
  link line: [ /usr/lib/gcc/x86_64-w64-mingw32/7.3-posix/collect2 -m i386pep -Bdynamic -o cmTC_ddcf6.exe /usr/lib/gcc/x86_64-w64-mingw32/7.3-posix/../../../../x86_64-w64-mingw32/lib/crt2.o /usr/lib/gcc/x86_64-w64-mingw32/7.3-posix/crtbegin.o -L/usr/lib/gcc/x86_64-w64-mingw32/7.3-posix -L/usr/lib/gcc/x86_64-w64-mingw32/7.3-posix/../../../../x86_64-w64-mingw32/lib --whole-archive CMakeFiles/cmTC_ddcf6.dir/objects.a --no-whole-archive --out-implib libcmTC_ddcf6.dll.a --major-image-version 0 --minor-image-version 0 -lmingw32 -lgcc -lgcc_eh -lmoldname -lmingwex -lmsvcrt -lpthread -ladvapi32 -lshell32 -luser32 -lkernel32 -lmingw32 -lgcc -lgcc_eh -lmoldname -lmingwex -lmsvcrt /usr/lib/gcc/x86_64-w64-mingw32/7.3-posix/crtend.o]
    arg [/usr/lib/gcc/x86_64-w64-mingw32/7.3-posix/collect2] ==> ignore
    arg [-m] ==> ignore
    arg [i386pep] ==> ignore
    arg [-Bdynamic] ==> ignore
    arg [-o] ==> ignore
    arg [cmTC_ddcf6.exe] ==> ignore
    arg [/usr/lib/gcc/x86_64-w64-mingw32/7.3-posix/../../../../x86_64-w64-mingw32/lib/crt2.o] ==> ignore
    arg [/usr/lib/gcc/x86_64-w64-mingw32/7.3-posix/crtbegin.o] ==> ignore
    arg [-L/usr/lib/gcc/x86_64-w64-mingw32/7.3-posix] ==> dir [/usr/lib/gcc/x86_64-w64-mingw32/7.3-posix]
    arg [-L/usr/lib/gcc/x86_64-w64-mingw32/7.3-posix/../../../../x86_64-w64-mingw32/lib] ==> dir [/usr/lib/gcc/x86_64-w64-mingw32/7.3-posix/../../../../x86_64-w64-mingw32/lib]
    arg [--whole-archive] ==> ignore
    arg [CMakeFiles/cmTC_ddcf6.dir/objects.a] ==> ignore
    arg [--no-whole-archive] ==> ignore
    arg [--out-implib] ==> ignore
    arg [libcmTC_ddcf6.dll.a] ==> ignore
    arg [--major-image-version] ==> ignore
    arg [0] ==> ignore
    arg [--minor-image-version] ==> ignore
    arg [0] ==> ignore
    arg [-lmingw32] ==> lib [mingw32]
    arg [-lgcc] ==> lib [gcc]
    arg [-lgcc_eh] ==> lib [gcc_eh]
    arg [-lmoldname] ==> lib [moldname]
    arg [-lmingwex] ==> lib [mingwex]
    arg [-lmsvcrt] ==> lib [msvcrt]
    arg [-lpthread] ==> lib [pthread]
    arg [-ladvapi32] ==> lib [advapi32]
    arg [-lshell32] ==> lib [shell32]
    arg [-luser32] ==> lib [user32]
    arg [-lkernel32] ==> lib [kernel32]
    arg [-lmingw32] ==> lib [mingw32]
    arg [-lgcc] ==> lib [gcc]
    arg [-lgcc_eh] ==> lib [gcc_eh]
    arg [-lmoldname] ==> lib [moldname]
    arg [-lmingwex] ==> lib [mingwex]
    arg [-lmsvcrt] ==> lib [msvcrt]
    arg [/usr/lib/gcc/x86_64-w64-mingw32/7.3-posix/crtend.o] ==> ignore
  remove lib [gcc_eh]
  remove lib [msvcrt]
  remove lib [gcc_eh]
  remove lib [msvcrt]
  collapse library dir [/usr/lib/gcc/x86_64-w64-mingw32/7.3-posix] ==> [/usr/lib/gcc/x86_64-w64-mingw32/7.3-posix]
  collapse library dir [/usr/lib/gcc/x86_64-w64-mingw32/7.3-posix/../../../../x86_64-w64-mingw32/lib] ==> [/usr/x86_64-w64-mingw32/lib]
  implicit libs: [mingw32;gcc;moldname;mingwex;pthread;advapi32;shell32;user32;kernel32;mingw32;gcc;moldname;mingwex]
  implicit dirs: [/usr/lib/gcc/x86_64-w64-mingw32/7.3-posix;/usr/x86_64-w64-mingw32/lib]
  implicit fwks: []


Determining if the CXX compiler works passed with the following output:
Change Dir: /target/x86_64-pc-windows-gnu/release/build/raylib-sys-45223963e2ea3f85/out/build/CMakeFiles/CMakeTmp

Run Build Command(s):/usr/bin/make cmTC_1249c/fast && /usr/bin/make  -f CMakeFiles/cmTC_1249c.dir/build.make CMakeFiles/cmTC_1249c.dir/build
make[1]: Entering directory '/target/x86_64-pc-windows-gnu/release/build/raylib-sys-45223963e2ea3f85/out/build/CMakeFiles/CMakeTmp'
Building CXX object CMakeFiles/cmTC_1249c.dir/testCXXCompiler.cxx.obj
/usr/bin/x86_64-w64-mingw32-g++-posix    -ffunction-sections -fdata-sections -m64    -o CMakeFiles/cmTC_1249c.dir/testCXXCompiler.cxx.obj -c /target/x86_64-pc-windows-gnu/release/build/raylib-sys-45223963e2ea3f85/out/build/CMakeFiles/CMakeTmp/testCXXCompiler.cxx
Linking CXX executable cmTC_1249c.exe
/usr/local/bin/cmake -E cmake_link_script CMakeFiles/cmTC_1249c.dir/link.txt --verbose=1
/usr/local/bin/cmake -E rm -f CMakeFiles/cmTC_1249c.dir/objects.a
/usr/bin/x86_64-w64-mingw32-ar cr CMakeFiles/cmTC_1249c.dir/objects.a @CMakeFiles/cmTC_1249c.dir/objects1.rsp
/usr/bin/x86_64-w64-mingw32-g++-posix  -ffunction-sections -fdata-sections -m64     -Wl,--whole-archive CMakeFiles/cmTC_1249c.dir/objects.a -Wl,--no-whole-archive  -o cmTC_1249c.exe -Wl,--out-implib,libcmTC_1249c.dll.a -Wl,--major-image-version,0,--minor-image-version,0 @CMakeFiles/cmTC_1249c.dir/linklibs.rsp
make[1]: Leaving directory '/target/x86_64-pc-windows-gnu/release/build/raylib-sys-45223963e2ea3f85/out/build/CMakeFiles/CMakeTmp'



Detecting CXX compiler ABI info compiled with the following output:
Change Dir: /target/x86_64-pc-windows-gnu/release/build/raylib-sys-45223963e2ea3f85/out/build/CMakeFiles/CMakeTmp

Run Build Command(s):/usr/bin/make cmTC_c8d5d/fast && /usr/bin/make  -f CMakeFiles/cmTC_c8d5d.dir/build.make CMakeFiles/cmTC_c8d5d.dir/build
make[1]: Entering directory '/target/x86_64-pc-windows-gnu/release/build/raylib-sys-45223963e2ea3f85/out/build/CMakeFiles/CMakeTmp'
Building CXX object CMakeFiles/cmTC_c8d5d.dir/CMakeCXXCompilerABI.cpp.obj
/usr/bin/x86_64-w64-mingw32-g++-posix    -ffunction-sections -fdata-sections -m64    -v -o CMakeFiles/cmTC_c8d5d.dir/CMakeCXXCompilerABI.cpp.obj -c /usr/local/share/cmake-3.17/Modules/CMakeCXXCompilerABI.cpp
Using built-in specs.
COLLECT_GCC=/usr/bin/x86_64-w64-mingw32-g++-posix
Target: x86_64-w64-mingw32
Configured with: ../../src/configure --build=x86_64-linux-gnu --prefix=/usr --includedir='/usr/include' --mandir='/usr/share/man' --infodir='/usr/share/info' --sysconfdir=/etc --localstatedir=/var --disable-silent-rules --libdir='/usr/lib/x86_64-linux-gnu' --libexecdir='/usr/lib/x86_64-linux-gnu' --disable-maintainer-mode --disable-dependency-tracking --prefix=/usr --enable-shared --enable-static --disable-multilib --with-system-zlib --libexecdir=/usr/lib --without-included-gettext --libdir=/usr/lib --enable-libstdcxx-time=yes --with-tune=generic --with-headers=/usr/x86_64-w64-mingw32/include --enable-version-specific-runtime-libs --enable-fully-dynamic-string --enable-libgomp --enable-languages=c,c++,fortran,objc,obj-c++,ada --enable-lto --with-plugin-ld --enable-threads=posix --program-suffix=-posix --program-prefix=x86_64-w64-mingw32- --target=x86_64-w64-mingw32 --with-as=/usr/bin/x86_64-w64-mingw32-as --with-ld=/usr/bin/x86_64-w64-mingw32-ld --enable-libatomic --enable-libstdcxx-filesystem-ts=yes
Thread model: posix
gcc version 7.3-posix 20180312 (GCC) 
COLLECT_GCC_OPTIONS='-ffunction-sections' '-fdata-sections' '-m64' '-v' '-o' 'CMakeFiles/cmTC_c8d5d.dir/CMakeCXXCompilerABI.cpp.obj' '-c' '-shared-libgcc' '-mtune=generic' '-march=x86-64'
 /usr/lib/gcc/x86_64-w64-mingw32/7.3-posix/cc1plus -quiet -v -D_REENTRANT /usr/local/share/cmake-3.17/Modules/CMakeCXXCompilerABI.cpp -quiet -dumpbase CMakeCXXCompilerABI.cpp -m64 -mtune=generic -march=x86-64 -auxbase-strip CMakeFiles/cmTC_c8d5d.dir/CMakeCXXCompilerABI.cpp.obj -version -ffunction-sections -fdata-sections -o /tmp/ccyke1wI.s
GNU C++14 (GCC) version 7.3-posix 20180312 (x86_64-w64-mingw32)
	compiled by GNU C version 7.3.0, GMP version 6.1.2, MPFR version 4.0.1, MPC version 1.1.0, isl version isl-0.19-GMP

GGC heuristics: --param ggc-min-expand=100 --param ggc-min-heapsize=131072
ignoring nonexistent directory "/usr/lib/gcc/x86_64-w64-mingw32/7.3-posix/../../../../x86_64-w64-mingw32/sys-include"
#include "..." search starts here:
#include <...> search starts here:
 /usr/lib/gcc/x86_64-w64-mingw32/7.3-posix/include/c++
 /usr/lib/gcc/x86_64-w64-mingw32/7.3-posix/include/c++/x86_64-w64-mingw32
 /usr/lib/gcc/x86_64-w64-mingw32/7.3-posix/include/c++/backward
 /usr/lib/gcc/x86_64-w64-mingw32/7.3-posix/include
 /usr/lib/gcc/x86_64-w64-mingw32/7.3-posix/include-fixed
 /usr/lib/gcc/x86_64-w64-mingw32/7.3-posix/../../../../x86_64-w64-mingw32/include
End of search list.
GNU C++14 (GCC) version 7.3-posix 20180312 (x86_64-w64-mingw32)
	compiled by GNU C version 7.3.0, GMP version 6.1.2, MPFR version 4.0.1, MPC version 1.1.0, isl version isl-0.19-GMP

GGC heuristics: --param ggc-min-expand=100 --param ggc-min-heapsize=131072
Compiler executable checksum: 1ca9b02a472d8706882113ed99792d76
COLLECT_GCC_OPTIONS='-ffunction-sections' '-fdata-sections' '-m64' '-v' '-o' 'CMakeFiles/cmTC_c8d5d.dir/CMakeCXXCompilerABI.cpp.obj' '-c' '-shared-libgcc' '-mtune=generic' '-march=x86-64'
 /usr/bin/x86_64-w64-mingw32-as -v --64 -o CMakeFiles/cmTC_c8d5d.dir/CMakeCXXCompilerABI.cpp.obj /tmp/ccyke1wI.s
GNU assembler version 2.30 (x86_64-w64-mingw32) using BFD version (GNU Binutils) 2.30
COMPILER_PATH=/usr/lib/gcc/x86_64-w64-mingw32/7.3-posix/:/usr/lib/gcc/x86_64-w64-mingw32/7.3-posix/:/usr/lib/gcc/x86_64-w64-mingw32/:/usr/lib/gcc/x86_64-w64-mingw32/7.3-posix/:/usr/lib/gcc/x86_64-w64-mingw32/:/usr/lib/gcc/x86_64-w64-mingw32/7.3-posix/../../../../x86_64-w64-mingw32/bin/
LIBRARY_PATH=/usr/lib/gcc/x86_64-w64-mingw32/7.3-posix/:/usr/lib/gcc/x86_64-w64-mingw32/7.3-posix/../../../../x86_64-w64-mingw32/lib/
COLLECT_GCC_OPTIONS='-ffunction-sections' '-fdata-sections' '-m64' '-v' '-o' 'CMakeFiles/cmTC_c8d5d.dir/CMakeCXXCompilerABI.cpp.obj' '-c' '-shared-libgcc' '-mtune=generic' '-march=x86-64'
Linking CXX executable cmTC_c8d5d.exe
/usr/local/bin/cmake -E cmake_link_script CMakeFiles/cmTC_c8d5d.dir/link.txt --verbose=1
/usr/local/bin/cmake -E rm -f CMakeFiles/cmTC_c8d5d.dir/objects.a
/usr/bin/x86_64-w64-mingw32-ar cr CMakeFiles/cmTC_c8d5d.dir/objects.a @CMakeFiles/cmTC_c8d5d.dir/objects1.rsp
/usr/bin/x86_64-w64-mingw32-g++-posix  -ffunction-sections -fdata-sections -m64    -v -Wl,--whole-archive CMakeFiles/cmTC_c8d5d.dir/objects.a -Wl,--no-whole-archive  -o cmTC_c8d5d.exe -Wl,--out-implib,libcmTC_c8d5d.dll.a -Wl,--major-image-version,0,--minor-image-version,0 
Using built-in specs.
COLLECT_GCC=/usr/bin/x86_64-w64-mingw32-g++-posix
COLLECT_LTO_WRAPPER=/usr/lib/gcc/x86_64-w64-mingw32/7.3-posix/lto-wrapper
Target: x86_64-w64-mingw32
Configured with: ../../src/configure --build=x86_64-linux-gnu --prefix=/usr --includedir='/usr/include' --mandir='/usr/share/man' --infodir='/usr/share/info' --sysconfdir=/etc --localstatedir=/var --disable-silent-rules --libdir='/usr/lib/x86_64-linux-gnu' --libexecdir='/usr/lib/x86_64-linux-gnu' --disable-maintainer-mode --disable-dependency-tracking --prefix=/usr --enable-shared --enable-static --disable-multilib --with-system-zlib --libexecdir=/usr/lib --without-included-gettext --libdir=/usr/lib --enable-libstdcxx-time=yes --with-tune=generic --with-headers=/usr/x86_64-w64-mingw32/include --enable-version-specific-runtime-libs --enable-fully-dynamic-string --enable-libgomp --enable-languages=c,c++,fortran,objc,obj-c++,ada --enable-lto --with-plugin-ld --enable-threads=posix --program-suffix=-posix --program-prefix=x86_64-w64-mingw32- --target=x86_64-w64-mingw32 --with-as=/usr/bin/x86_64-w64-mingw32-as --with-ld=/usr/bin/x86_64-w64-mingw32-ld --enable-libatomic --enable-libstdcxx-filesystem-ts=yes
Thread model: posix
gcc version 7.3-posix 20180312 (GCC) 
COMPILER_PATH=/usr/lib/gcc/x86_64-w64-mingw32/7.3-posix/:/usr/lib/gcc/x86_64-w64-mingw32/7.3-posix/:/usr/lib/gcc/x86_64-w64-mingw32/:/usr/lib/gcc/x86_64-w64-mingw32/7.3-posix/:/usr/lib/gcc/x86_64-w64-mingw32/:/usr/lib/gcc/x86_64-w64-mingw32/7.3-posix/../../../../x86_64-w64-mingw32/bin/
LIBRARY_PATH=/usr/lib/gcc/x86_64-w64-mingw32/7.3-posix/:/usr/lib/gcc/x86_64-w64-mingw32/7.3-posix/../../../../x86_64-w64-mingw32/lib/
COLLECT_GCC_OPTIONS='-ffunction-sections' '-fdata-sections' '-m64' '-v' '-o' 'cmTC_c8d5d.exe' '-shared-libgcc' '-mtune=generic' '-march=x86-64'
 /usr/lib/gcc/x86_64-w64-mingw32/7.3-posix/collect2 -m i386pep -Bdynamic -o cmTC_c8d5d.exe /usr/lib/gcc/x86_64-w64-mingw32/7.3-posix/../../../../x86_64-w64-mingw32/lib/crt2.o /usr/lib/gcc/x86_64-w64-mingw32/7.3-posix/crtbegin.o -L/usr/lib/gcc/x86_64-w64-mingw32/7.3-posix -L/usr/lib/gcc/x86_64-w64-mingw32/7.3-posix/../../../../x86_64-w64-mingw32/lib --whole-archive CMakeFiles/cmTC_c8d5d.dir/objects.a --no-whole-archive --out-implib libcmTC_c8d5d.dll.a --major-image-version 0 --minor-image-version 0 -lstdc++ -lmingw32 -lgcc_s -lgcc -lmoldname -lmingwex -lmsvcrt -lpthread -ladvapi32 -lshell32 -luser32 -lkernel32 -lmingw32 -lgcc_s -lgcc -lmoldname -lmingwex -lmsvcrt /usr/lib/gcc/x86_64-w64-mingw32/7.3-posix/crtend.o
COLLECT_GCC_OPTIONS='-ffunction-sections' '-fdata-sections' '-m64' '-v' '-o' 'cmTC_c8d5d.exe' '-shared-libgcc' '-mtune=generic' '-march=x86-64'
make[1]: Leaving directory '/target/x86_64-pc-windows-gnu/release/build/raylib-sys-45223963e2ea3f85/out/build/CMakeFiles/CMakeTmp'



Parsed CXX implicit include dir info from above output: rv=done
  found start of include info
  found start of implicit include info
    add: [/usr/lib/gcc/x86_64-w64-mingw32/7.3-posix/include/c++]
    add: [/usr/lib/gcc/x86_64-w64-mingw32/7.3-posix/include/c++/x86_64-w64-mingw32]
    add: [/usr/lib/gcc/x86_64-w64-mingw32/7.3-posix/include/c++/backward]
    add: [/usr/lib/gcc/x86_64-w64-mingw32/7.3-posix/include]
    add: [/usr/lib/gcc/x86_64-w64-mingw32/7.3-posix/include-fixed]
    add: [/usr/lib/gcc/x86_64-w64-mingw32/7.3-posix/../../../../x86_64-w64-mingw32/include]
  end of search list found
  collapse include dir [/usr/lib/gcc/x86_64-w64-mingw32/7.3-posix/include/c++] ==> [/usr/lib/gcc/x86_64-w64-mingw32/7.3-posix/include/c++]
  collapse include dir [/usr/lib/gcc/x86_64-w64-mingw32/7.3-posix/include/c++/x86_64-w64-mingw32] ==> [/usr/lib/gcc/x86_64-w64-mingw32/7.3-posix/include/c++/x86_64-w64-mingw32]
  collapse include dir [/usr/lib/gcc/x86_64-w64-mingw32/7.3-posix/include/c++/backward] ==> [/usr/lib/gcc/x86_64-w64-mingw32/7.3-posix/include/c++/backward]
  collapse include dir [/usr/lib/gcc/x86_64-w64-mingw32/7.3-posix/include] ==> [/usr/lib/gcc/x86_64-w64-mingw32/7.3-posix/include]
  collapse include dir [/usr/lib/gcc/x86_64-w64-mingw32/7.3-posix/include-fixed] ==> [/usr/lib/gcc/x86_64-w64-mingw32/7.3-posix/include-fixed]
  collapse include dir [/usr/lib/gcc/x86_64-w64-mingw32/7.3-posix/../../../../x86_64-w64-mingw32/include] ==> [/usr/x86_64-w64-mingw32/include]
  implicit include dirs: [/usr/lib/gcc/x86_64-w64-mingw32/7.3-posix/include/c++;/usr/lib/gcc/x86_64-w64-mingw32/7.3-posix/include/c++/x86_64-w64-mingw32;/usr/lib/gcc/x86_64-w64-mingw32/7.3-posix/include/c++/backward;/usr/lib/gcc/x86_64-w64-mingw32/7.3-posix/include;/usr/lib/gcc/x86_64-w64-mingw32/7.3-posix/include-fixed;/usr/x86_64-w64-mingw32/include]


Parsed CXX implicit link information from above output:
  link line regex: [^( *|.*[/\])(x86_64-w64-mingw32-ld|CMAKE_LINK_STARTFILE-NOTFOUND|([^/\]+-)?ld|collect2)[^/\]*( |$)]
  ignore line: [Change Dir: /target/x86_64-pc-windows-gnu/release/build/raylib-sys-45223963e2ea3f85/out/build/CMakeFiles/CMakeTmp]
  ignore line: []
  ignore line: [Run Build Command(s):/usr/bin/make cmTC_c8d5d/fast && /usr/bin/make  -f CMakeFiles/cmTC_c8d5d.dir/build.make CMakeFiles/cmTC_c8d5d.dir/build]
  ignore line: [make[1]: Entering directory '/target/x86_64-pc-windows-gnu/release/build/raylib-sys-45223963e2ea3f85/out/build/CMakeFiles/CMakeTmp']
  ignore line: [Building CXX object CMakeFiles/cmTC_c8d5d.dir/CMakeCXXCompilerABI.cpp.obj]
  ignore line: [/usr/bin/x86_64-w64-mingw32-g++-posix    -ffunction-sections -fdata-sections -m64    -v -o CMakeFiles/cmTC_c8d5d.dir/CMakeCXXCompilerABI.cpp.obj -c /usr/local/share/cmake-3.17/Modules/CMakeCXXCompilerABI.cpp]
  ignore line: [Using built-in specs.]
  ignore line: [COLLECT_GCC=/usr/bin/x86_64-w64-mingw32-g++-posix]
  ignore line: [Target: x86_64-w64-mingw32]
  ignore line: [Configured with: ../../src/configure --build=x86_64-linux-gnu --prefix=/usr --includedir='/usr/include' --mandir='/usr/share/man' --infodir='/usr/share/info' --sysconfdir=/etc --localstatedir=/var --disable-silent-rules --libdir='/usr/lib/x86_64-linux-gnu' --libexecdir='/usr/lib/x86_64-linux-gnu' --disable-maintainer-mode --disable-dependency-tracking --prefix=/usr --enable-shared --enable-static --disable-multilib --with-system-zlib --libexecdir=/usr/lib --without-included-gettext --libdir=/usr/lib --enable-libstdcxx-time=yes --with-tune=generic --with-headers=/usr/x86_64-w64-mingw32/include --enable-version-specific-runtime-libs --enable-fully-dynamic-string --enable-libgomp --enable-languages=c,c++,fortran,objc,obj-c++,ada --enable-lto --with-plugin-ld --enable-threads=posix --program-suffix=-posix --program-prefix=x86_64-w64-mingw32- --target=x86_64-w64-mingw32 --with-as=/usr/bin/x86_64-w64-mingw32-as --with-ld=/usr/bin/x86_64-w64-mingw32-ld --enable-libatomic --enable-libstdcxx-filesystem-ts=yes]
  ignore line: [Thread model: posix]
  ignore line: [gcc version 7.3-posix 20180312 (GCC) ]
  ignore line: [COLLECT_GCC_OPTIONS='-ffunction-sections' '-fdata-sections' '-m64' '-v' '-o' 'CMakeFiles/cmTC_c8d5d.dir/CMakeCXXCompilerABI.cpp.obj' '-c' '-shared-libgcc' '-mtune=generic' '-march=x86-64']
  ignore line: [ /usr/lib/gcc/x86_64-w64-mingw32/7.3-posix/cc1plus -quiet -v -D_REENTRANT /usr/local/share/cmake-3.17/Modules/CMakeCXXCompilerABI.cpp -quiet -dumpbase CMakeCXXCompilerABI.cpp -m64 -mtune=generic -march=x86-64 -auxbase-strip CMakeFiles/cmTC_c8d5d.dir/CMakeCXXCompilerABI.cpp.obj -version -ffunction-sections -fdata-sections -o /tmp/ccyke1wI.s]
  ignore line: [GNU C++14 (GCC) version 7.3-posix 20180312 (x86_64-w64-mingw32)]
  ignore line: [	compiled by GNU C version 7.3.0  GMP version 6.1.2  MPFR version 4.0.1  MPC version 1.1.0  isl version isl-0.19-GMP]
  ignore line: []
  ignore line: [GGC heuristics: --param ggc-min-expand=100 --param ggc-min-heapsize=131072]
  ignore line: [ignoring nonexistent directory "/usr/lib/gcc/x86_64-w64-mingw32/7.3-posix/../../../../x86_64-w64-mingw32/sys-include"]
  ignore line: [#include "..." search starts here:]
  ignore line: [#include <...> search starts here:]
  ignore line: [ /usr/lib/gcc/x86_64-w64-mingw32/7.3-posix/include/c++]
  ignore line: [ /usr/lib/gcc/x86_64-w64-mingw32/7.3-posix/include/c++/x86_64-w64-mingw32]
  ignore line: [ /usr/lib/gcc/x86_64-w64-mingw32/7.3-posix/include/c++/backward]
  ignore line: [ /usr/lib/gcc/x86_64-w64-mingw32/7.3-posix/include]
  ignore line: [ /usr/lib/gcc/x86_64-w64-mingw32/7.3-posix/include-fixed]
  ignore line: [ /usr/lib/gcc/x86_64-w64-mingw32/7.3-posix/../../../../x86_64-w64-mingw32/include]
  ignore line: [End of search list.]
  ignore line: [GNU C++14 (GCC) version 7.3-posix 20180312 (x86_64-w64-mingw32)]
  ignore line: [	compiled by GNU C version 7.3.0  GMP version 6.1.2  MPFR version 4.0.1  MPC version 1.1.0  isl version isl-0.19-GMP]
  ignore line: []
  ignore line: [GGC heuristics: --param ggc-min-expand=100 --param ggc-min-heapsize=131072]
  ignore line: [Compiler executable checksum: 1ca9b02a472d8706882113ed99792d76]
  ignore line: [COLLECT_GCC_OPTIONS='-ffunction-sections' '-fdata-sections' '-m64' '-v' '-o' 'CMakeFiles/cmTC_c8d5d.dir/CMakeCXXCompilerABI.cpp.obj' '-c' '-shared-libgcc' '-mtune=generic' '-march=x86-64']
  ignore line: [ /usr/bin/x86_64-w64-mingw32-as -v --64 -o CMakeFiles/cmTC_c8d5d.dir/CMakeCXXCompilerABI.cpp.obj /tmp/ccyke1wI.s]
  ignore line: [GNU assembler version 2.30 (x86_64-w64-mingw32) using BFD version (GNU Binutils) 2.30]
  ignore line: [COMPILER_PATH=/usr/lib/gcc/x86_64-w64-mingw32/7.3-posix/:/usr/lib/gcc/x86_64-w64-mingw32/7.3-posix/:/usr/lib/gcc/x86_64-w64-mingw32/:/usr/lib/gcc/x86_64-w64-mingw32/7.3-posix/:/usr/lib/gcc/x86_64-w64-mingw32/:/usr/lib/gcc/x86_64-w64-mingw32/7.3-posix/../../../../x86_64-w64-mingw32/bin/]
  ignore line: [LIBRARY_PATH=/usr/lib/gcc/x86_64-w64-mingw32/7.3-posix/:/usr/lib/gcc/x86_64-w64-mingw32/7.3-posix/../../../../x86_64-w64-mingw32/lib/]
  ignore line: [COLLECT_GCC_OPTIONS='-ffunction-sections' '-fdata-sections' '-m64' '-v' '-o' 'CMakeFiles/cmTC_c8d5d.dir/CMakeCXXCompilerABI.cpp.obj' '-c' '-shared-libgcc' '-mtune=generic' '-march=x86-64']
  ignore line: [Linking CXX executable cmTC_c8d5d.exe]
  ignore line: [/usr/local/bin/cmake -E cmake_link_script CMakeFiles/cmTC_c8d5d.dir/link.txt --verbose=1]
  ignore line: [/usr/local/bin/cmake -E rm -f CMakeFiles/cmTC_c8d5d.dir/objects.a]
  ignore line: [/usr/bin/x86_64-w64-mingw32-ar cr CMakeFiles/cmTC_c8d5d.dir/objects.a @CMakeFiles/cmTC_c8d5d.dir/objects1.rsp]
  ignore line: [/usr/bin/x86_64-w64-mingw32-g++-posix  -ffunction-sections -fdata-sections -m64    -v -Wl --whole-archive CMakeFiles/cmTC_c8d5d.dir/objects.a -Wl --no-whole-archive  -o cmTC_c8d5d.exe -Wl --out-implib libcmTC_c8d5d.dll.a -Wl --major-image-version 0 --minor-image-version 0 ]
  ignore line: [Using built-in specs.]
  ignore line: [COLLECT_GCC=/usr/bin/x86_64-w64-mingw32-g++-posix]
  ignore line: [COLLECT_LTO_WRAPPER=/usr/lib/gcc/x86_64-w64-mingw32/7.3-posix/lto-wrapper]
  ignore line: [Target: x86_64-w64-mingw32]
  ignore line: [Configured with: ../../src/configure --build=x86_64-linux-gnu --prefix=/usr --includedir='/usr/include' --mandir='/usr/share/man' --infodir='/usr/share/info' --sysconfdir=/etc --localstatedir=/var --disable-silent-rules --libdir='/usr/lib/x86_64-linux-gnu' --libexecdir='/usr/lib/x86_64-linux-gnu' --disable-maintainer-mode --disable-dependency-tracking --prefix=/usr --enable-shared --enable-static --disable-multilib --with-system-zlib --libexecdir=/usr/lib --without-included-gettext --libdir=/usr/lib --enable-libstdcxx-time=yes --with-tune=generic --with-headers=/usr/x86_64-w64-mingw32/include --enable-version-specific-runtime-libs --enable-fully-dynamic-string --enable-libgomp --enable-languages=c,c++,fortran,objc,obj-c++,ada --enable-lto --with-plugin-ld --enable-threads=posix --program-suffix=-posix --program-prefix=x86_64-w64-mingw32- --target=x86_64-w64-mingw32 --with-as=/usr/bin/x86_64-w64-mingw32-as --with-ld=/usr/bin/x86_64-w64-mingw32-ld --enable-libatomic --enable-libstdcxx-filesystem-ts=yes]
  ignore line: [Thread model: posix]
  ignore line: [gcc version 7.3-posix 20180312 (GCC) ]
  ignore line: [COMPILER_PATH=/usr/lib/gcc/x86_64-w64-mingw32/7.3-posix/:/usr/lib/gcc/x86_64-w64-mingw32/7.3-posix/:/usr/lib/gcc/x86_64-w64-mingw32/:/usr/lib/gcc/x86_64-w64-mingw32/7.3-posix/:/usr/lib/gcc/x86_64-w64-mingw32/:/usr/lib/gcc/x86_64-w64-mingw32/7.3-posix/../../../../x86_64-w64-mingw32/bin/]
  ignore line: [LIBRARY_PATH=/usr/lib/gcc/x86_64-w64-mingw32/7.3-posix/:/usr/lib/gcc/x86_64-w64-mingw32/7.3-posix/../../../../x86_64-w64-mingw32/lib/]
  ignore line: [COLLECT_GCC_OPTIONS='-ffunction-sections' '-fdata-sections' '-m64' '-v' '-o' 'cmTC_c8d5d.exe' '-shared-libgcc' '-mtune=generic' '-march=x86-64']
  link line: [ /usr/lib/gcc/x86_64-w64-mingw32/7.3-posix/collect2 -m i386pep -Bdynamic -o cmTC_c8d5d.exe /usr/lib/gcc/x86_64-w64-mingw32/7.3-posix/../../../../x86_64-w64-mingw32/lib/crt2.o /usr/lib/gcc/x86_64-w64-mingw32/7.3-posix/crtbegin.o -L/usr/lib/gcc/x86_64-w64-mingw32/7.3-posix -L/usr/lib/gcc/x86_64-w64-mingw32/7.3-posix/../../../../x86_64-w64-mingw32/lib --whole-archive CMakeFiles/cmTC_c8d5d.dir/objects.a --no-whole-archive --out-implib libcmTC_c8d5d.dll.a --major-image-version 0 --minor-image-version 0 -lstdc++ -lmingw32 -lgcc_s -lgcc -lmoldname -lmingwex -lmsvcrt -lpthread -ladvapi32 -lshell32 -luser32 -lkernel32 -lmingw32 -lgcc_s -lgcc -lmoldname -lmingwex -lmsvcrt /usr/lib/gcc/x86_64-w64-mingw32/7.3-posix/crtend.o]
    arg [/usr/lib/gcc/x86_64-w64-mingw32/7.3-posix/collect2] ==> ignore
    arg [-m] ==> ignore
    arg [i386pep] ==> ignore
    arg [-Bdynamic] ==> ignore
    arg [-o] ==> ignore
    arg [cmTC_c8d5d.exe] ==> ignore
    arg [/usr/lib/gcc/x86_64-w64-mingw32/7.3-posix/../../../../x86_64-w64-mingw32/lib/crt2.o] ==> ignore
    arg [/usr/lib/gcc/x86_64-w64-mingw32/7.3-posix/crtbegin.o] ==> ignore
    arg [-L/usr/lib/gcc/x86_64-w64-mingw32/7.3-posix] ==> dir [/usr/lib/gcc/x86_64-w64-mingw32/7.3-posix]
    arg [-L/usr/lib/gcc/x86_64-w64-mingw32/7.3-posix/../../../../x86_64-w64-mingw32/lib] ==> dir [/usr/lib/gcc/x86_64-w64-mingw32/7.3-posix/../../../../x86_64-w64-mingw32/lib]
    arg [--whole-archive] ==> ignore
    arg [CMakeFiles/cmTC_c8d5d.dir/objects.a] ==> ignore
    arg [--no-whole-archive] ==> ignore
    arg [--out-implib] ==> ignore
    arg [libcmTC_c8d5d.dll.a] ==> ignore
    arg [--major-image-version] ==> ignore
    arg [0] ==> ignore
    arg [--minor-image-version] ==> ignore
    arg [0] ==> ignore
    arg [-lstdc++] ==> lib [stdc++]
    arg [-lmingw32] ==> lib [mingw32]
    arg [-lgcc_s] ==> lib [gcc_s]
    arg [-lgcc] ==> lib [gcc]
    arg [-lmoldname] ==> lib [moldname]
    arg [-lmingwex] ==> lib [mingwex]
    arg [-lmsvcrt] ==> lib [msvcrt]
    arg [-lpthread] ==> lib [pthread]
    arg [-ladvapi32] ==> lib [advapi32]
    arg [-lshell32] ==> lib [shell32]
    arg [-luser32] ==> lib [user32]
    arg [-lkernel32] ==> lib [kernel32]
    arg [-lmingw32] ==> lib [mingw32]
    arg [-lgcc_s] ==> lib [gcc_s]
    arg [-lgcc] ==> lib [gcc]
    arg [-lmoldname] ==> lib [moldname]
    arg [-lmingwex] ==> lib [mingwex]
    arg [-lmsvcrt] ==> lib [msvcrt]
    arg [/usr/lib/gcc/x86_64-w64-mingw32/7.3-posix/crtend.o] ==> ignore
  remove lib [msvcrt]
  remove lib [msvcrt]
  collapse library dir [/usr/lib/gcc/x86_64-w64-mingw32/7.3-posix] ==> [/usr/lib/gcc/x86_64-w64-mingw32/7.3-posix]
  collapse library dir [/usr/lib/gcc/x86_64-w64-mingw32/7.3-posix/../../../../x86_64-w64-mingw32/lib] ==> [/usr/x86_64-w64-mingw32/lib]
  implicit libs: [stdc++;mingw32;gcc_s;gcc;moldname;mingwex;pthread;advapi32;shell32;user32;kernel32;mingw32;gcc_s;gcc;moldname;mingwex]
  implicit dirs: [/usr/lib/gcc/x86_64-w64-mingw32/7.3-posix;/usr/x86_64-w64-mingw32/lib]
  implicit fwks: []


Performing C SOURCE FILE Test COMPILER_HAS_THOSE_TOGGLES succeeded with the following output:
Change Dir: /target/x86_64-pc-windows-gnu/release/build/raylib-sys-45223963e2ea3f85/out/build/CMakeFiles/CMakeTmp

Run Build Command(s):/usr/bin/make cmTC_0f2f6/fast && /usr/bin/make  -f CMakeFiles/cmTC_0f2f6.dir/build.make CMakeFiles/cmTC_0f2f6.dir/build
make[1]: Entering directory '/target/x86_64-pc-windows-gnu/release/build/raylib-sys-45223963e2ea3f85/out/build/CMakeFiles/CMakeTmp'
Building C object CMakeFiles/cmTC_0f2f6.dir/src.c.obj
/usr/bin/x86_64-w64-mingw32-gcc-posix   -ffunction-sections -fdata-sections -m64 -DCOMPILER_HAS_THOSE_TOGGLES   -Werror=pointer-arith -o CMakeFiles/cmTC_0f2f6.dir/src.c.obj   -c /target/x86_64-pc-windows-gnu/release/build/raylib-sys-45223963e2ea3f85/out/build/CMakeFiles/CMakeTmp/src.c
Linking C executable cmTC_0f2f6.exe
/usr/local/bin/cmake -E cmake_link_script CMakeFiles/cmTC_0f2f6.dir/link.txt --verbose=1
/usr/local/bin/cmake -E rm -f CMakeFiles/cmTC_0f2f6.dir/objects.a
/usr/bin/x86_64-w64-mingw32-ar cr CMakeFiles/cmTC_0f2f6.dir/objects.a @CMakeFiles/cmTC_0f2f6.dir/objects1.rsp
/usr/bin/x86_64-w64-mingw32-gcc-posix  -ffunction-sections -fdata-sections -m64 -DCOMPILER_HAS_THOSE_TOGGLES    -Wl,--whole-archive CMakeFiles/cmTC_0f2f6.dir/objects.a -Wl,--no-whole-archive  -o cmTC_0f2f6.exe -Wl,--out-implib,libcmTC_0f2f6.dll.a -Wl,--major-image-version,0,--minor-image-version,0 @CMakeFiles/cmTC_0f2f6.dir/linklibs.rsp
make[1]: Leaving directory '/target/x86_64-pc-windows-gnu/release/build/raylib-sys-45223963e2ea3f85/out/build/CMakeFiles/CMakeTmp'


Source file was:
int main(void) { return 0; }
Determining if the include file pthread.h exists passed with the following output:
Change Dir: /target/x86_64-pc-windows-gnu/release/build/raylib-sys-45223963e2ea3f85/out/build/CMakeFiles/CMakeTmp

Run Build Command(s):/usr/bin/make cmTC_842e0/fast && /usr/bin/make  -f CMakeFiles/cmTC_842e0.dir/build.make CMakeFiles/cmTC_842e0.dir/build
make[1]: Entering directory '/target/x86_64-pc-windows-gnu/release/build/raylib-sys-45223963e2ea3f85/out/build/CMakeFiles/CMakeTmp'
Building C object CMakeFiles/cmTC_842e0.dir/CheckIncludeFile.c.obj
/usr/bin/x86_64-w64-mingw32-gcc-posix   -fno-strict-aliasing -Werror=implicit-function-declaration -Werror=pointer-arith  -ffunction-sections -fdata-sections -m64    -std=gnu99 -o CMakeFiles/cmTC_842e0.dir/CheckIncludeFile.c.obj   -c /target/x86_64-pc-windows-gnu/release/build/raylib-sys-45223963e2ea3f85/out/build/CMakeFiles/CMakeTmp/CheckIncludeFile.c
Linking C executable cmTC_842e0.exe
/usr/local/bin/cmake -E cmake_link_script CMakeFiles/cmTC_842e0.dir/link.txt --verbose=1
/usr/local/bin/cmake -E rm -f CMakeFiles/cmTC_842e0.dir/objects.a
/usr/bin/x86_64-w64-mingw32-ar cr CMakeFiles/cmTC_842e0.dir/objects.a @CMakeFiles/cmTC_842e0.dir/objects1.rsp
/usr/bin/x86_64-w64-mingw32-gcc-posix -fno-strict-aliasing -Werror=implicit-function-declaration -Werror=pointer-arith  -ffunction-sections -fdata-sections -m64     -Wl,--whole-archive CMakeFiles/cmTC_842e0.dir/objects.a -Wl,--no-whole-archive  -o cmTC_842e0.exe -Wl,--out-implib,libcmTC_842e0.dll.a -Wl,--major-image-version,0,--minor-image-version,0 @CMakeFiles/cmTC_842e0.dir/linklibs.rsp
make[1]: Leaving directory '/target/x86_64-pc-windows-gnu/release/build/raylib-sys-45223963e2ea3f85/out/build/CMakeFiles/CMakeTmp'



Performing C SOURCE FILE Test CMAKE_HAVE_LIBC_PTHREAD succeeded with the following output:
Change Dir: /target/x86_64-pc-windows-gnu/release/build/raylib-sys-45223963e2ea3f85/out/build/CMakeFiles/CMakeTmp

Run Build Command(s):/usr/bin/make cmTC_94efd/fast && /usr/bin/make  -f CMakeFiles/cmTC_94efd.dir/build.make CMakeFiles/cmTC_94efd.dir/build
make[1]: Entering directory '/target/x86_64-pc-windows-gnu/release/build/raylib-sys-45223963e2ea3f85/out/build/CMakeFiles/CMakeTmp'
Building C object CMakeFiles/cmTC_94efd.dir/src.c.obj
/usr/bin/x86_64-w64-mingw32-gcc-posix   -fno-strict-aliasing -Werror=implicit-function-declaration -Werror=pointer-arith  -ffunction-sections -fdata-sections -m64 -DCMAKE_HAVE_LIBC_PTHREAD   -o CMakeFiles/cmTC_94efd.dir/src.c.obj   -c /target/x86_64-pc-windows-gnu/release/build/raylib-sys-45223963e2ea3f85/out/build/CMakeFiles/CMakeTmp/src.c
Linking C executable cmTC_94efd.exe
/usr/local/bin/cmake -E cmake_link_script CMakeFiles/cmTC_94efd.dir/link.txt --verbose=1
/usr/local/bin/cmake -E rm -f CMakeFiles/cmTC_94efd.dir/objects.a
/usr/bin/x86_64-w64-mingw32-ar cr CMakeFiles/cmTC_94efd.dir/objects.a @CMakeFiles/cmTC_94efd.dir/objects1.rsp
/usr/bin/x86_64-w64-mingw32-gcc-posix -fno-strict-aliasing -Werror=implicit-function-declaration -Werror=pointer-arith  -ffunction-sections -fdata-sections -m64 -DCMAKE_HAVE_LIBC_PTHREAD    -Wl,--whole-archive CMakeFiles/cmTC_94efd.dir/objects.a -Wl,--no-whole-archive  -o cmTC_94efd.exe -Wl,--out-implib,libcmTC_94efd.dll.a -Wl,--major-image-version,0,--minor-image-version,0 @CMakeFiles/cmTC_94efd.dir/linklibs.rsp
make[1]: Leaving directory '/target/x86_64-pc-windows-gnu/release/build/raylib-sys-45223963e2ea3f85/out/build/CMakeFiles/CMakeTmp'


Source file was:
#include <pthread.h>

void* test_func(void* data)
{
  return data;
}

int main(void)
{
  pthread_t thread;
  pthread_create(&thread, NULL, test_func, NULL);
  pthread_detach(thread);
  pthread_cancel(thread);
  pthread_join(thread, NULL);
  pthread_atfork(NULL, NULL, NULL);
  pthread_exit(NULL);

  return 0;
}

Determining if the include file dinput.h exists passed with the following output:
Change Dir: /target/x86_64-pc-windows-gnu/release/build/raylib-sys-45223963e2ea3f85/out/build/CMakeFiles/CMakeTmp

Run Build Command(s):/usr/bin/make cmTC_7ac11/fast && /usr/bin/make  -f CMakeFiles/cmTC_7ac11.dir/build.make CMakeFiles/cmTC_7ac11.dir/build
make[1]: Entering directory '/target/x86_64-pc-windows-gnu/release/build/raylib-sys-45223963e2ea3f85/out/build/CMakeFiles/CMakeTmp'
Building C object CMakeFiles/cmTC_7ac11.dir/CheckIncludeFile.c.obj
/usr/bin/x86_64-w64-mingw32-gcc-posix   -fno-strict-aliasing -Werror=implicit-function-declaration -Werror=pointer-arith  -ffunction-sections -fdata-sections -m64    -std=gnu99 -o CMakeFiles/cmTC_7ac11.dir/CheckIncludeFile.c.obj   -c /target/x86_64-pc-windows-gnu/release/build/raylib-sys-45223963e2ea3f85/out/build/CMakeFiles/CMakeTmp/CheckIncludeFile.c
Linking C executable cmTC_7ac11.exe
/usr/local/bin/cmake -E cmake_link_script CMakeFiles/cmTC_7ac11.dir/link.txt --verbose=1
/usr/local/bin/cmake -E rm -f CMakeFiles/cmTC_7ac11.dir/objects.a
/usr/bin/x86_64-w64-mingw32-ar cr CMakeFiles/cmTC_7ac11.dir/objects.a @CMakeFiles/cmTC_7ac11.dir/objects1.rsp
/usr/bin/x86_64-w64-mingw32-gcc-posix -fno-strict-aliasing -Werror=implicit-function-declaration -Werror=pointer-arith  -ffunction-sections -fdata-sections -m64     -Wl,--whole-archive CMakeFiles/cmTC_7ac11.dir/objects.a -Wl,--no-whole-archive  -o cmTC_7ac11.exe -Wl,--out-implib,libcmTC_7ac11.dll.a -Wl,--major-image-version,0,--minor-image-version,0 @CMakeFiles/cmTC_7ac11.dir/linklibs.rsp
make[1]: Leaving directory '/target/x86_64-pc-windows-gnu/release/build/raylib-sys-45223963e2ea3f85/out/build/CMakeFiles/CMakeTmp'



Determining if the include file xinput.h exists passed with the following output:
Change Dir: /target/x86_64-pc-windows-gnu/release/build/raylib-sys-45223963e2ea3f85/out/build/CMakeFiles/CMakeTmp

Run Build Command(s):/usr/bin/make cmTC_fa354/fast && /usr/bin/make  -f CMakeFiles/cmTC_fa354.dir/build.make CMakeFiles/cmTC_fa354.dir/build
make[1]: Entering directory '/target/x86_64-pc-windows-gnu/release/build/raylib-sys-45223963e2ea3f85/out/build/CMakeFiles/CMakeTmp'
Building C object CMakeFiles/cmTC_fa354.dir/CheckIncludeFile.c.obj
/usr/bin/x86_64-w64-mingw32-gcc-posix   -fno-strict-aliasing -Werror=implicit-function-declaration -Werror=pointer-arith  -ffunction-sections -fdata-sections -m64    -std=gnu99 -o CMakeFiles/cmTC_fa354.dir/CheckIncludeFile.c.obj   -c /target/x86_64-pc-windows-gnu/release/build/raylib-sys-45223963e2ea3f85/out/build/CMakeFiles/CMakeTmp/CheckIncludeFile.c
Linking C executable cmTC_fa354.exe
/usr/local/bin/cmake -E cmake_link_script CMakeFiles/cmTC_fa354.dir/link.txt --verbose=1
/usr/local/bin/cmake -E rm -f CMakeFiles/cmTC_fa354.dir/objects.a
/usr/bin/x86_64-w64-mingw32-ar cr CMakeFiles/cmTC_fa354.dir/objects.a @CMakeFiles/cmTC_fa354.dir/objects1.rsp
/usr/bin/x86_64-w64-mingw32-gcc-posix -fno-strict-aliasing -Werror=implicit-function-declaration -Werror=pointer-arith  -ffunction-sections -fdata-sections -m64     -Wl,--whole-archive CMakeFiles/cmTC_fa354.dir/objects.a -Wl,--no-whole-archive  -o cmTC_fa354.exe -Wl,--out-implib,libcmTC_fa354.dll.a -Wl,--major-image-version,0,--minor-image-version,0 @CMakeFiles/cmTC_fa354.dir/linklibs.rsp
make[1]: Leaving directory '/target/x86_64-pc-windows-gnu/release/build/raylib-sys-45223963e2ea3f85/out/build/CMakeFiles/CMakeTmp'



Performing C SOURCE FILE Test _GLFW_HAS_DEP succeeded with the following output:
Change Dir: /target/x86_64-pc-windows-gnu/release/build/raylib-sys-45223963e2ea3f85/out/build/CMakeFiles/CMakeTmp

Run Build Command(s):/usr/bin/make cmTC_d9dab/fast && /usr/bin/make  -f CMakeFiles/cmTC_d9dab.dir/build.make CMakeFiles/cmTC_d9dab.dir/build
make[1]: Entering directory '/target/x86_64-pc-windows-gnu/release/build/raylib-sys-45223963e2ea3f85/out/build/CMakeFiles/CMakeTmp'
Building C object CMakeFiles/cmTC_d9dab.dir/src.c.obj
/usr/bin/x86_64-w64-mingw32-gcc-posix   -fno-strict-aliasing -Werror=implicit-function-declaration -Werror=pointer-arith  -ffunction-sections -fdata-sections -m64 -D_GLFW_HAS_DEP -Wl,--nxcompat   -o CMakeFiles/cmTC_d9dab.dir/src.c.obj   -c /target/x86_64-pc-windows-gnu/release/build/raylib-sys-45223963e2ea3f85/out/build/CMakeFiles/CMakeTmp/src.c
Linking C executable cmTC_d9dab.exe
/usr/local/bin/cmake -E cmake_link_script CMakeFiles/cmTC_d9dab.dir/link.txt --verbose=1
/usr/local/bin/cmake -E rm -f CMakeFiles/cmTC_d9dab.dir/objects.a
/usr/bin/x86_64-w64-mingw32-ar cr CMakeFiles/cmTC_d9dab.dir/objects.a @CMakeFiles/cmTC_d9dab.dir/objects1.rsp
/usr/bin/x86_64-w64-mingw32-gcc-posix -fno-strict-aliasing -Werror=implicit-function-declaration -Werror=pointer-arith  -ffunction-sections -fdata-sections -m64 -D_GLFW_HAS_DEP -Wl,--nxcompat    -Wl,--whole-archive CMakeFiles/cmTC_d9dab.dir/objects.a -Wl,--no-whole-archive  -o cmTC_d9dab.exe -Wl,--out-implib,libcmTC_d9dab.dll.a -Wl,--major-image-version,0,--minor-image-version,0 @CMakeFiles/cmTC_d9dab.dir/linklibs.rsp
make[1]: Leaving directory '/target/x86_64-pc-windows-gnu/release/build/raylib-sys-45223963e2ea3f85/out/build/CMakeFiles/CMakeTmp'


Source file was:
int main(void) { return 0; }
Performing C SOURCE FILE Test _GLFW_HAS_ASLR succeeded with the following output:
Change Dir: /target/x86_64-pc-windows-gnu/release/build/raylib-sys-45223963e2ea3f85/out/build/CMakeFiles/CMakeTmp

Run Build Command(s):/usr/bin/make cmTC_0d635/fast && /usr/bin/make  -f CMakeFiles/cmTC_0d635.dir/build.make CMakeFiles/cmTC_0d635.dir/build
make[1]: Entering directory '/target/x86_64-pc-windows-gnu/release/build/raylib-sys-45223963e2ea3f85/out/build/CMakeFiles/CMakeTmp'
Building C object CMakeFiles/cmTC_0d635.dir/src.c.obj
/usr/bin/x86_64-w64-mingw32-gcc-posix   -fno-strict-aliasing -Werror=implicit-function-declaration -Werror=pointer-arith  -ffunction-sections -fdata-sections -m64 -D_GLFW_HAS_ASLR -Wl,--dynamicbase   -o CMakeFiles/cmTC_0d635.dir/src.c.obj   -c /target/x86_64-pc-windows-gnu/release/build/raylib-sys-45223963e2ea3f85/out/build/CMakeFiles/CMakeTmp/src.c
Linking C executable cmTC_0d635.exe
/usr/local/bin/cmake -E cmake_link_script CMakeFiles/cmTC_0d635.dir/link.txt --verbose=1
/usr/local/bin/cmake -E rm -f CMakeFiles/cmTC_0d635.dir/objects.a
/usr/bin/x86_64-w64-mingw32-ar cr CMakeFiles/cmTC_0d635.dir/objects.a @CMakeFiles/cmTC_0d635.dir/objects1.rsp
/usr/bin/x86_64-w64-mingw32-gcc-posix -fno-strict-aliasing -Werror=implicit-function-declaration -Werror=pointer-arith  -ffunction-sections -fdata-sections -m64 -D_GLFW_HAS_ASLR -Wl,--dynamicbase    -Wl,--whole-archive CMakeFiles/cmTC_0d635.dir/objects.a -Wl,--no-whole-archive  -o cmTC_0d635.exe -Wl,--out-implib,libcmTC_0d635.dll.a -Wl,--major-image-version,0,--minor-image-version,0 @CMakeFiles/cmTC_0d635.dir/linklibs.rsp
make[1]: Leaving directory '/target/x86_64-pc-windows-gnu/release/build/raylib-sys-45223963e2ea3f85/out/build/CMakeFiles/CMakeTmp'


Source file was:
int main(void) { return 0; }
Performing C SOURCE FILE Test _GLFW_HAS_64ASLR succeeded with the following output:
Change Dir: /target/x86_64-pc-windows-gnu/release/build/raylib-sys-45223963e2ea3f85/out/build/CMakeFiles/CMakeTmp

Run Build Command(s):/usr/bin/make cmTC_9c589/fast && /usr/bin/make  -f CMakeFiles/cmTC_9c589.dir/build.make CMakeFiles/cmTC_9c589.dir/build
make[1]: Entering directory '/target/x86_64-pc-windows-gnu/release/build/raylib-sys-45223963e2ea3f85/out/build/CMakeFiles/CMakeTmp'
Building C object CMakeFiles/cmTC_9c589.dir/src.c.obj
/usr/bin/x86_64-w64-mingw32-gcc-posix   -fno-strict-aliasing -Werror=implicit-function-declaration -Werror=pointer-arith  -ffunction-sections -fdata-sections -m64 -D_GLFW_HAS_64ASLR -Wl,--high-entropy-va   -o CMakeFiles/cmTC_9c589.dir/src.c.obj   -c /target/x86_64-pc-windows-gnu/release/build/raylib-sys-45223963e2ea3f85/out/build/CMakeFiles/CMakeTmp/src.c
Linking C executable cmTC_9c589.exe
/usr/local/bin/cmake -E cmake_link_script CMakeFiles/cmTC_9c589.dir/link.txt --verbose=1
/usr/local/bin/cmake -E rm -f CMakeFiles/cmTC_9c589.dir/objects.a
/usr/bin/x86_64-w64-mingw32-ar cr CMakeFiles/cmTC_9c589.dir/objects.a @CMakeFiles/cmTC_9c589.dir/objects1.rsp
/usr/bin/x86_64-w64-mingw32-gcc-posix -fno-strict-aliasing -Werror=implicit-function-declaration -Werror=pointer-arith  -ffunction-sections -fdata-sections -m64 -D_GLFW_HAS_64ASLR -Wl,--high-entropy-va    -Wl,--whole-archive CMakeFiles/cmTC_9c589.dir/objects.a -Wl,--no-whole-archive  -o cmTC_9c589.exe -Wl,--out-implib,libcmTC_9c589.dll.a -Wl,--major-image-version,0,--minor-image-version,0 @CMakeFiles/cmTC_9c589.dir/linklibs.rsp
make[1]: Leaving directory '/target/x86_64-pc-windows-gnu/release/build/raylib-sys-45223963e2ea3f85/out/build/CMakeFiles/CMakeTmp'


Source file was:
int main(void) { return 0; }
