Performing C SOURCE FILE Test CMAKE_HAVE_LIBC_PTHREAD failed with the following output:
Change Dir: /home/tcr-g/Rust/Nids2/target/debug/build/raylib-sys-8674eff0bc55c91c/out/build/CMakeFiles/CMakeTmp

Run Build Command(s):/usr/bin/make -f Makefile cmTC_0128d/fast && /usr/bin/make  -f CMakeFiles/cmTC_0128d.dir/build.make CMakeFiles/cmTC_0128d.dir/build
make[1]: Entering directory '/home/tcr-g/Rust/Nids2/target/debug/build/raylib-sys-8674eff0bc55c91c/out/build/CMakeFiles/CMakeTmp'
Building C object CMakeFiles/cmTC_0128d.dir/src.c.o
/usr/bin/cc -DCMAKE_HAVE_LIBC_PTHREAD  -fno-strict-aliasing -Werror=implicit-function-declaration -Werror=pointer-arith  -ffunction-sections -fdata-sections -fPIC -m64  -o CMakeFiles/cmTC_0128d.dir/src.c.o -c /home/tcr-g/Rust/Nids2/target/debug/build/raylib-sys-8674eff0bc55c91c/out/build/CMakeFiles/CMakeTmp/src.c
Linking C executable cmTC_0128d
/usr/bin/cmake -E cmake_link_script CMakeFiles/cmTC_0128d.dir/link.txt --verbose=1
/usr/bin/cc -fno-strict-aliasing -Werror=implicit-function-declaration -Werror=pointer-arith  -ffunction-sections -fdata-sections -fPIC -m64  -rdynamic CMakeFiles/cmTC_0128d.dir/src.c.o -o cmTC_0128d 
/usr/bin/ld: CMakeFiles/cmTC_0128d.dir/src.c.o: in function `main':
src.c:(.text.main+0x30): undefined reference to `pthread_create'
/usr/bin/ld: src.c:(.text.main+0x3c): undefined reference to `pthread_detach'
/usr/bin/ld: src.c:(.text.main+0x48): undefined reference to `pthread_cancel'
/usr/bin/ld: src.c:(.text.main+0x59): undefined reference to `pthread_join'
collect2: error: ld returned 1 exit status
make[1]: *** [CMakeFiles/cmTC_0128d.dir/build.make:99: cmTC_0128d] Error 1
make[1]: Leaving directory '/home/tcr-g/Rust/Nids2/target/debug/build/raylib-sys-8674eff0bc55c91c/out/build/CMakeFiles/CMakeTmp'
make: *** [Makefile:127: cmTC_0128d/fast] Error 2


Source file was:
#include <pthread.h>

static void* test_func(void* data)
{
  return data;
}

int main(void)
{
  pthread_t thread;
  pthread_create(&thread, NULL, test_func, NULL);
  pthread_detach(thread);
  pthread_cancel(thread);
  pthread_join(thread, NULL);
  pthread_atfork(NULL, NULL, NULL);
  pthread_exit(NULL);

  return 0;
}

Determining if the function pthread_create exists in the pthreads failed with the following output:
Change Dir: /home/tcr-g/Rust/Nids2/target/debug/build/raylib-sys-8674eff0bc55c91c/out/build/CMakeFiles/CMakeTmp

Run Build Command(s):/usr/bin/make -f Makefile cmTC_0601b/fast && /usr/bin/make  -f CMakeFiles/cmTC_0601b.dir/build.make CMakeFiles/cmTC_0601b.dir/build
make[1]: Entering directory '/home/tcr-g/Rust/Nids2/target/debug/build/raylib-sys-8674eff0bc55c91c/out/build/CMakeFiles/CMakeTmp'
Building C object CMakeFiles/cmTC_0601b.dir/CheckFunctionExists.c.o
/usr/bin/cc   -fno-strict-aliasing -Werror=implicit-function-declaration -Werror=pointer-arith  -ffunction-sections -fdata-sections -fPIC -m64 -DCHECK_FUNCTION_EXISTS=pthread_create -std=gnu99 -o CMakeFiles/cmTC_0601b.dir/CheckFunctionExists.c.o -c /usr/share/cmake-3.22/Modules/CheckFunctionExists.c
Linking C executable cmTC_0601b
/usr/bin/cmake -E cmake_link_script CMakeFiles/cmTC_0601b.dir/link.txt --verbose=1
/usr/bin/cc -fno-strict-aliasing -Werror=implicit-function-declaration -Werror=pointer-arith  -ffunction-sections -fdata-sections -fPIC -m64 -DCHECK_FUNCTION_EXISTS=pthread_create CMakeFiles/cmTC_0601b.dir/CheckFunctionExists.c.o -o cmTC_0601b  -lpthreads 
/usr/bin/ld: cannot find -lpthreads
collect2: error: ld returned 1 exit status
make[1]: *** [CMakeFiles/cmTC_0601b.dir/build.make:99: cmTC_0601b] Error 1
make[1]: Leaving directory '/home/tcr-g/Rust/Nids2/target/debug/build/raylib-sys-8674eff0bc55c91c/out/build/CMakeFiles/CMakeTmp'
make: *** [Makefile:127: cmTC_0601b/fast] Error 2



